<?xml version="1.0" encoding="UTF-8"?>
<!-- Generated by org.testng.reporters.JUnitReportReporter -->
<testsuite hostname="DESKTOP-4L4F65Q" failures="0" tests="3" name="testCases.Tc_001_Equipment_Master" time="37.256" errors="0" timestamp="2024-03-16T16:53:55 IST" skipped="1">
  <testcase classname="testCases.Tc_001_Equipment_Master" name="login" time="3.620"/>
  <system-out/>
  <testcase classname="testCases.Tc_001_Equipment_Master" name="Equipment" time="33.636"/>
  <system-out/>
  <testcase classname="testCases.Tc_001_Equipment_Master" name="DeleteAddback">
    <skipped/>
  </testcase> <!-- DeleteAddback -->
  <system-out/>
</testsuite> <!-- testCases.Tc_001_Equipment_Master -->
