<?xml version="1.0" encoding="UTF-8"?>
<!-- Generated by org.testng.reporters.JUnitReportReporter -->
<testsuite hostname="DESKTOP-4L4F65Q" failures="0" tests="2" name="transactions.Tc_002_ArbPurchase" time="24.884" errors="0" timestamp="2024-10-21T15:49:48 IST" skipped="1">
  <testcase classname="transactions.Tc_002_ArbPurchase" name="ArbPurchse" time="24.884"/>
  <system-out/>
  <testcase classname="transactions.Tc_002_ArbPurchase" name="login">
    <skipped/>
  </testcase> <!-- login -->
  <system-out/>
</testsuite> <!-- transactions.Tc_002_ArbPurchase -->
