<?xml version="1.0" encoding="UTF-8"?>
<!-- Generated by org.testng.reporters.JUnitReportReporter -->
<testsuite hostname="DESKTOP-4L4F65Q" failures="0" tests="4" name="testCases.Tc_008_Stock_Adjustment" time="20.922" errors="0" timestamp="2024-03-05T15:21:14 IST" skipped="2">
  <testcase classname="testCases.Tc_008_Stock_Adjustment" name="login" time="4.260"/>
  <system-out/>
  <testcase classname="testCases.Tc_008_Stock_Adjustment" name="InternalTransf" time="16.662"/>
  <system-out/>
  <testcase classname="testCases.Tc_008_Stock_Adjustment" name="ExternalTransf">
    <skipped/>
  </testcase> <!-- ExternalTransf -->
  <system-out/>
  <testcase classname="testCases.Tc_008_Stock_Adjustment" name="Loss">
    <skipped/>
  </testcase> <!-- Loss -->
  <system-out/>
</testsuite> <!-- testCases.Tc_008_Stock_Adjustment -->
