<?xml version="1.0" encoding="UTF-8"?>
<!-- Generated by org.testng.reporters.JUnitReportReporter -->
<testsuite hostname="DESKTOP-4L4F65Q" failures="0" tests="3" name="testCases.Tc_004_SetCreditLimit" time="20.482" errors="0" timestamp="2024-03-16T19:13:42 IST" skipped="1">
  <testcase classname="testCases.Tc_004_SetCreditLimit" name="login" time="5.883"/>
  <system-out/>
  <testcase classname="testCases.Tc_004_SetCreditLimit" name="AddMultipleProdDiscounts" time="14.599"/>
  <system-out/>
  <testcase classname="testCases.Tc_004_SetCreditLimit" name="SetCreditLimit">
    <skipped/>
  </testcase> <!-- SetCreditLimit -->
  <system-out/>
</testsuite> <!-- testCases.Tc_004_SetCreditLimit -->
