<?xml version="1.0" encoding="UTF-8"?>
<!-- Generated by org.testng.reporters.JUnitReportReporter -->
<testsuite hostname="DESKTOP-4L4F65Q" failures="0" tests="3" name="transactions.Tc_001_Cylinder_Purchases" time="69.051" errors="0" timestamp="2024-04-10T17:52:21 IST" skipped="1">
  <testcase classname="transactions.Tc_001_Cylinder_Purchases" name="login" time="9.308"/>
  <system-out/>
  <testcase classname="transactions.Tc_001_Cylinder_Purchases" name="multi_cyl_Purchase" time="59.743"/>
  <system-out/>
  <testcase classname="transactions.Tc_001_Cylinder_Purchases" name="cyl_Purchase">
    <skipped/>
  </testcase> <!-- cyl_Purchase -->
  <system-out/>
</testsuite> <!-- transactions.Tc_001_Cylinder_Purchases -->
