<?xml version="1.0" encoding="UTF-8"?>
<!-- Generated by org.testng.reporters.JUnitReportReporter -->
<testsuite hostname="DESKTOP-4L4F65Q" failures="0" tests="2" name="transactions.Tc_006_Quotations" time="55.407" errors="0" timestamp="2024-04-16T16:11:08 IST" skipped="0">
  <testcase classname="transactions.Tc_006_Quotations" name="login" time="4.171"/>
  <system-out/>
  <testcase classname="transactions.Tc_006_Quotations" name="Quotations" time="51.236"/>
  <system-out/>
</testsuite> <!-- transactions.Tc_006_Quotations -->
