<?xml version="1.0" encoding="UTF-8"?>
<!-- Generated by org.testng.reporters.JUnitReportReporter -->
<testsuite hostname="DESKTOP-4L4F65Q" failures="0" tests="1" name="testCases.Tc_00_Registration" time="10.416" errors="0" timestamp="2024-06-11T16:09:28 IST" skipped="0">
  <testcase classname="testCases.Tc_00_Registration" name="Registration" time="10.416"/>
  <system-out/>
</testsuite> <!-- testCases.Tc_00_Registration -->
