<?xml version="1.0" encoding="UTF-8"?>
<!-- Generated by org.testng.reporters.JUnitReportReporter -->
<testsuite hostname="DESKTOP-4L4F65Q" failures="0" tests="2" name="transactions.Tc_010_ARBSales" time="56.124" errors="0" timestamp="2024-04-08T19:08:56 IST" skipped="0">
  <testcase classname="transactions.Tc_010_ARBSales" name="login" time="5.689"/>
  <system-out/>
  <testcase classname="transactions.Tc_010_ARBSales" name="Com_Sales" time="50.435"/>
  <system-out/>
</testsuite> <!-- transactions.Tc_010_ARBSales -->
