<?xml version="1.0" encoding="UTF-8"?>
<!-- Generated by org.testng.reporters.JUnitReportReporter -->
<testsuite hostname="DESKTOP-4L4F65Q" failures="0" tests="3" name="testCases.Tc_002_Price_Master" time="15.534" errors="0" timestamp="2024-03-04T16:50:36 IST" skipped="1">
  <testcase classname="testCases.Tc_002_Price_Master" name="login" time="3.562"/>
  <system-out/>
  <testcase classname="testCases.Tc_002_Price_Master" name="BLPG_Price" time="11.972"/>
  <system-out/>
  <testcase classname="testCases.Tc_002_Price_Master" name="Refill_Price">
    <skipped/>
  </testcase> <!-- Refill_Price -->
  <system-out/>
</testsuite> <!-- testCases.Tc_002_Price_Master -->
