<?xml version="1.0" encoding="UTF-8"?>
<!-- Generated by org.testng.reporters.JUnitReportReporter -->
<testsuite hostname="DESKTOP-4L4F65Q" failures="0" tests="6" name="testCases.Tc_001_Login" time="15.170" errors="0" timestamp="2024-03-04T15:24:14 IST" skipped="4">
  <testcase classname="testCases.Tc_001_Login" name="login" time="4.484"/>
  <system-out/>
  <testcase classname="testCases.Tc_001_Login" name="Bom_Nc_Master" time="10.686"/>
  <system-out/>
  <testcase classname="testCases.Tc_001_Login" name="AreaCodeMaster">
    <skipped/>
  </testcase> <!-- AreaCodeMaster -->
  <system-out/>
  <testcase classname="testCases.Tc_001_Login" name="services_master">
    <skipped/>
  </testcase> <!-- services_master -->
  <system-out/>
  <testcase classname="testCases.Tc_001_Login" name="ArbMaster">
    <skipped/>
  </testcase> <!-- ArbMaster -->
  <system-out/>
  <testcase classname="testCases.Tc_001_Login" name="Equipment">
    <skipped/>
  </testcase> <!-- Equipment -->
  <system-out/>
</testsuite> <!-- testCases.Tc_001_Login -->
