<?xml version="1.0" encoding="UTF-8"?>
<!-- Generated by org.testng.reporters.JUnitReportReporter -->
<testsuite hostname="DESKTOP-4L4F65Q" failures="0" tests="4" name="testCases.Tc_005_BankMaster" time="35.494" errors="0" timestamp="2024-03-28T16:29:38 IST" skipped="2">
  <testcase classname="testCases.Tc_005_BankMaster" name="login" time="2.221"/>
  <system-out/>
  <testcase classname="testCases.Tc_005_BankMaster" name="Multiple_Banks" time="33.273"/>
  <system-out/>
  <testcase classname="testCases.Tc_005_BankMaster" name="EditBankData">
    <skipped/>
  </testcase> <!-- EditBankData -->
  <system-out/>
  <testcase classname="testCases.Tc_005_BankMaster" name="Bank_Masters">
    <skipped/>
  </testcase> <!-- Bank_Masters -->
  <system-out/>
</testsuite> <!-- testCases.Tc_005_BankMaster -->
