<?xml version="1.0" encoding="UTF-8"?>
<!-- Generated by org.testng.reporters.JUnitReportReporter -->
<testsuite hostname="DESKTOP-4L4F65Q" failures="0" tests="2" name="transactions.Tc_009_ComCylSales" time="37.968" errors="0" timestamp="2024-03-14T18:00:22 IST" skipped="0">
  <testcase classname="transactions.Tc_009_ComCylSales" name="login" time="8.684"/>
  <system-out/>
  <testcase classname="transactions.Tc_009_ComCylSales" name="Com_Sales" time="29.284"/>
  <system-out/>
</testsuite> <!-- transactions.Tc_009_ComCylSales -->
