<?xml version="1.0" encoding="UTF-8"?>
<!-- Generated by org.testng.reporters.JUnitReportReporter -->
<testsuite hostname="DESKTOP-4L4F65Q" failures="0" tests="2" name="transactions.Tc_015_OtvTtvTv" time="31.201" errors="0" timestamp="2024-03-15T12:07:55 IST" skipped="0">
  <testcase classname="transactions.Tc_015_OtvTtvTv" name="login" time="5.053"/>
  <system-out/>
  <testcase classname="transactions.Tc_015_OtvTtvTv" name="OtvTtvTv" time="26.148"/>
  <system-out/>
</testsuite> <!-- transactions.Tc_015_OtvTtvTv -->
