<?xml version="1.0" encoding="UTF-8"?>
<!-- Generated by org.testng.reporters.JUnitReportReporter -->
<testsuite hostname="DESKTOP-4L4F65Q" failures="0" tests="2" name="transactions.Tc_004_Def_ReturnData" time="23.124" errors="0" timestamp="2024-03-30T12:36:31 IST" skipped="0">
  <testcase classname="transactions.Tc_004_Def_ReturnData" name="login" time="4.134"/>
  <system-out/>
  <testcase classname="transactions.Tc_004_Def_ReturnData" name="DefReturn" time="18.990"/>
  <system-out/>
</testsuite> <!-- transactions.Tc_004_Def_ReturnData -->
