<?xml version="1.0" encoding="UTF-8"?>
<!-- Generated by org.testng.reporters.JUnitReportReporter -->
<testsuite hostname="DESKTOP-4L4F65Q" failures="0" tests="2" name="testCases.Tc_005_BankMaster" time="14.450" errors="0" timestamp="2024-03-04T19:14:00 IST" skipped="0">
  <testcase classname="testCases.Tc_005_BankMaster" name="login" time="1.552"/>
  <system-out/>
  <testcase classname="testCases.Tc_005_BankMaster" name="Bank_Masters" time="12.898"/>
  <system-out/>
</testsuite> <!-- testCases.Tc_005_BankMaster -->
