<?xml version="1.0" encoding="UTF-8"?>
<!-- Generated by org.testng.reporters.JUnitReportReporter -->
<testsuite hostname="DESKTOP-4L4F65Q" failures="0" tests="4" name="testCases.Tc_001_AreaCodeMaster" time="18.153" errors="0" timestamp="2024-03-16T16:28:12 IST" skipped="2">
  <testcase classname="testCases.Tc_001_AreaCodeMaster" name="login" time="6.172"/>
  <system-out/>
  <testcase classname="testCases.Tc_001_AreaCodeMaster" name="MultipleAddAreaCodeMaster" time="11.981"/>
  <system-out/>
  <testcase classname="testCases.Tc_001_AreaCodeMaster" name="DeleteAddBack">
    <skipped/>
  </testcase> <!-- DeleteAddBack -->
  <system-out/>
  <testcase classname="testCases.Tc_001_AreaCodeMaster" name="AddAreaCodeMaster">
    <skipped/>
  </testcase> <!-- AddAreaCodeMaster -->
  <system-out/>
</testsuite> <!-- testCases.Tc_001_AreaCodeMaster -->
