<?xml version="1.0" encoding="UTF-8"?>
<!-- Generated by org.testng.reporters.JUnitReportReporter -->
<testsuite hostname="DESKTOP-4L4F65Q" failures="0" tests="2" name="transactions.Tc_007_Customer_Purchase_Orders" time="50.815" errors="0" timestamp="2024-04-04T15:32:58 IST" skipped="0">
  <testcase classname="transactions.Tc_007_Customer_Purchase_Orders" name="login" time="11.591"/>
  <system-out/>
  <testcase classname="transactions.Tc_007_Customer_Purchase_Orders" name="Purchase_Order" time="39.224"/>
  <system-out/>
</testsuite> <!-- transactions.Tc_007_Customer_Purchase_Orders -->
