<?xml version="1.0" encoding="UTF-8"?>
<!-- Generated by org.testng.reporters.JUnitReportReporter -->
<testsuite hostname="DESKTOP-4L4F65Q" failures="0" tests="2" name="transactions.Tc_009_ComCylSales" time="31.013" errors="0" timestamp="2024-03-11T12:05:29 IST" skipped="0">
  <testcase classname="transactions.Tc_009_ComCylSales" name="login" time="5.549"/>
  <system-out/>
  <testcase classname="transactions.Tc_009_ComCylSales" name="Com_Sales" time="25.464"/>
  <system-out/>
</testsuite> <!-- transactions.Tc_009_ComCylSales -->
