<?xml version="1.0" encoding="UTF-8"?>
<!-- Generated by org.testng.reporters.JUnitReportReporter -->
<testsuite hostname="DESKTOP-4L4F65Q" failures="0" tests="4" name="testCases.Tc_002_BlpPriceMaster" time="52.756" errors="0" timestamp="2024-03-16T18:32:28 IST" skipped="2">
  <testcase classname="testCases.Tc_002_BlpPriceMaster" name="login" time="5.901"/>
  <system-out/>
  <testcase classname="testCases.Tc_002_BlpPriceMaster" name="MultipleAddBLPG_Price" time="46.855"/>
  <system-out/>
  <testcase classname="testCases.Tc_002_BlpPriceMaster" name="BlpgView">
    <skipped/>
  </testcase> <!-- BlpgView -->
  <system-out/>
  <testcase classname="testCases.Tc_002_BlpPriceMaster" name="AddBLPG_Price">
    <skipped/>
  </testcase> <!-- AddBLPG_Price -->
  <system-out/>
</testsuite> <!-- testCases.Tc_002_BlpPriceMaster -->
