<?xml version="1.0" encoding="UTF-8"?>
<!-- Generated by org.testng.reporters.JUnitReportReporter -->
<testsuite hostname="DESKTOP-4L4F65Q" failures="0" tests="2" name="transactions.Tc_006_Quotations" time="23.011" errors="0" timestamp="2024-03-07T18:25:24 IST" skipped="0">
  <testcase classname="transactions.Tc_006_Quotations" name="login" time="7.832"/>
  <system-out/>
  <testcase classname="transactions.Tc_006_Quotations" name="Quotations" time="15.179"/>
  <system-out/>
</testsuite> <!-- transactions.Tc_006_Quotations -->
