<?xml version="1.0" encoding="UTF-8"?>
<!-- Generated by org.testng.reporters.JUnitReportReporter -->
<testsuite hostname="DESKTOP-4L4F65Q" failures="0" tests="4" name="transactions.Tc_001_Cylinder_Purchases" time="42.540" errors="0" timestamp="2024-10-21T15:49:48 IST" skipped="2">
  <testcase classname="transactions.Tc_001_Cylinder_Purchases" name="login" time="7.155"/>
  <system-out/>
  <testcase classname="transactions.Tc_001_Cylinder_Purchases" name="cyl_Purchase" time="35.385"/>
  <system-out/>
  <testcase classname="transactions.Tc_001_Cylinder_Purchases" name="multi_cyl_Purchase">
    <skipped/>
  </testcase> <!-- multi_cyl_Purchase -->
  <system-out/>
  <testcase classname="transactions.Tc_001_Cylinder_Purchases" name="Delete">
    <skipped/>
  </testcase> <!-- Delete -->
  <system-out/>
</testsuite> <!-- transactions.Tc_001_Cylinder_Purchases -->
