<?xml version="1.0" encoding="UTF-8"?>
<!-- Generated by org.testng.reporters.JUnitReportReporter -->
<testsuite hostname="DESKTOP-4L4F65Q" failures="0" tests="2" name="testCases.Tc_006_vehicleMaster" time="27.478" errors="0" timestamp="2024-03-05T11:45:47 IST" skipped="0">
  <testcase classname="testCases.Tc_006_vehicleMaster" name="login" time="3.960"/>
  <system-out/>
  <testcase classname="testCases.Tc_006_vehicleMaster" name="vehicleMstr" time="23.518"/>
  <system-out/>
</testsuite> <!-- testCases.Tc_006_vehicleMaster -->
