<?xml version="1.0" encoding="UTF-8"?>
<!-- Generated by org.testng.reporters.JUnitReportReporter -->
<testsuite hostname="DESKTOP-4L4F65Q" failures="0" tests="4" name="testCases.Tc_007_StaffMaster" time="16.844" errors="0" timestamp="2024-03-05T13:13:05 IST" skipped="2">
  <testcase classname="testCases.Tc_007_StaffMaster" name="login" time="1.749"/>
  <system-out/>
  <testcase classname="testCases.Tc_007_StaffMaster" name="StaffMasterEditData" time="15.095"/>
  <system-out/>
  <testcase classname="testCases.Tc_007_StaffMaster" name="StaffMasterDeleteAdd">
    <skipped/>
  </testcase> <!-- StaffMasterDeleteAdd -->
  <system-out/>
  <testcase classname="testCases.Tc_007_StaffMaster" name="StaffMasterAdd">
    <skipped/>
  </testcase> <!-- StaffMasterAdd -->
  <system-out/>
</testsuite> <!-- testCases.Tc_007_StaffMaster -->
