<?xml version="1.0" encoding="UTF-8"?>
<!-- Generated by org.testng.reporters.JUnitReportReporter -->
<testsuite hostname="DESKTOP-4L4F65Q" failures="0" tests="4" name="testCases.Tc_006_vehicleMaster" time="27.243" errors="0" timestamp="2024-03-30T10:43:11 IST" skipped="2">
  <testcase classname="testCases.Tc_006_vehicleMaster" name="login" time="1.272"/>
  <system-out/>
  <testcase classname="testCases.Tc_006_vehicleMaster" name="Multiple_vehicleMstr" time="25.971"/>
  <system-out/>
  <testcase classname="testCases.Tc_006_vehicleMaster" name="vehicleMstr">
    <skipped/>
  </testcase> <!-- vehicleMstr -->
  <system-out/>
  <testcase classname="testCases.Tc_006_vehicleMaster" name="DeleteAddBack">
    <skipped/>
  </testcase> <!-- DeleteAddBack -->
  <system-out/>
</testsuite> <!-- testCases.Tc_006_vehicleMaster -->
