<?xml version="1.0" encoding="UTF-8"?>
<!-- Generated by org.testng.reporters.JUnitReportReporter -->
<testsuite hostname="DESKTOP-4L4F65Q" failures="0" tests="2" name="transactions.Tc_004_Def_ReturnData" time="17.791" errors="0" timestamp="2024-03-06T18:42:18 IST" skipped="0">
  <testcase classname="transactions.Tc_004_Def_ReturnData" name="login" time="5.587"/>
  <system-out/>
  <testcase classname="transactions.Tc_004_Def_ReturnData" name="DefReturn" time="12.204"/>
  <system-out/>
</testsuite> <!-- transactions.Tc_004_Def_ReturnData -->
