<?xml version="1.0" encoding="UTF-8"?>
<!-- Generated by org.testng.reporters.JUnitReportReporter -->
<testsuite hostname="DESKTOP-4L4F65Q" failures="0" tests="4" name="testCases.Tc_001_ArbMaster" time="38.022" errors="0" timestamp="2024-04-03T17:26:51 IST" skipped="2">
  <testcase classname="testCases.Tc_001_ArbMaster" name="login" time="8.022"/>
  <system-out/>
  <testcase classname="testCases.Tc_001_ArbMaster" name="AddArbMaster" time="30.000"/>
  <system-out/>
  <testcase classname="testCases.Tc_001_ArbMaster" name="MultipleAddArbMaster">
    <skipped/>
  </testcase> <!-- MultipleAddArbMaster -->
  <system-out/>
  <testcase classname="testCases.Tc_001_ArbMaster" name="DeleteAddback">
    <skipped/>
  </testcase> <!-- DeleteAddback -->
  <system-out/>
</testsuite> <!-- testCases.Tc_001_ArbMaster -->
