<?xml version="1.0" encoding="UTF-8"?>
<!-- Generated by org.testng.reporters.JUnitReportReporter -->
<testsuite hostname="DESKTOP-4L4F65Q" failures="0" tests="5" name="testCases.Tc_007_StaffMaster" time="40.801" errors="0" timestamp="2024-03-29T18:14:56 IST" skipped="3">
  <testcase classname="testCases.Tc_007_StaffMaster" name="login" time="1.119"/>
  <system-out/>
  <testcase classname="testCases.Tc_007_StaffMaster" name="Multiple_StaffMasterAdd" time="39.682"/>
  <system-out/>
  <testcase classname="testCases.Tc_007_StaffMaster" name="StaffMasterDeleteAdd">
    <skipped/>
  </testcase> <!-- StaffMasterDeleteAdd -->
  <system-out/>
  <testcase classname="testCases.Tc_007_StaffMaster" name="StaffMasterAdd">
    <skipped/>
  </testcase> <!-- StaffMasterAdd -->
  <system-out/>
  <testcase classname="testCases.Tc_007_StaffMaster" name="StaffMasterEditData">
    <skipped/>
  </testcase> <!-- StaffMasterEditData -->
  <system-out/>
</testsuite> <!-- testCases.Tc_007_StaffMaster -->
