<?xml version="1.0" encoding="UTF-8"?>
<!-- Generated by org.testng.reporters.JUnitReportReporter -->
<testsuite hostname="DESKTOP-4L4F65Q" failures="0" tests="4" name="testCases.Tc_008_Stock_Adjustment" time="23.096" errors="0" timestamp="2024-03-13T17:33:45 IST" skipped="2">
  <testcase classname="testCases.Tc_008_Stock_Adjustment" name="login" time="5.157"/>
  <system-out/>
  <testcase classname="testCases.Tc_008_Stock_Adjustment" name="Loss" time="17.939"/>
  <system-out/>
  <testcase classname="testCases.Tc_008_Stock_Adjustment" name="ExternalTransf">
    <skipped/>
  </testcase> <!-- ExternalTransf -->
  <system-out/>
  <testcase classname="testCases.Tc_008_Stock_Adjustment" name="InternalTransf">
    <skipped/>
  </testcase> <!-- InternalTransf -->
  <system-out/>
</testsuite> <!-- testCases.Tc_008_Stock_Adjustment -->
