<?xml version="1.0" encoding="UTF-8"?>
<!-- Generated by org.testng.reporters.JUnitReportReporter -->
<testsuite hostname="DESKTOP-4L4F65Q" failures="0" tests="5" name="testCases.Tc_001_ServicesMaster" time="58.015" errors="0" timestamp="2024-04-01T18:41:06 IST" skipped="3">
  <testcase classname="testCases.Tc_001_ServicesMaster" name="login" time="5.536"/>
  <system-out/>
  <testcase classname="testCases.Tc_001_ServicesMaster" name="MultipleAdd_services_master" time="52.479"/>
  <system-out/>
  <testcase classname="testCases.Tc_001_ServicesMaster" name="EditData">
    <skipped/>
  </testcase> <!-- EditData -->
  <system-out/>
  <testcase classname="testCases.Tc_001_ServicesMaster" name="DeleteData">
    <skipped/>
  </testcase> <!-- DeleteData -->
  <system-out/>
  <testcase classname="testCases.Tc_001_ServicesMaster" name="services_master">
    <skipped/>
  </testcase> <!-- services_master -->
  <system-out/>
</testsuite> <!-- testCases.Tc_001_ServicesMaster -->
