<?xml version="1.0" encoding="UTF-8"?>
<!-- Generated by org.testng.reporters.JUnitReportReporter -->
<testsuite hostname="DESKTOP-4L4F65Q" failures="0" tests="2" name="transactions.Tc_014_Itv_Rc_Transactions" time="25.248" errors="0" timestamp="2024-03-15T12:01:39 IST" skipped="0">
  <testcase classname="transactions.Tc_014_Itv_Rc_Transactions" name="login" time="4.636"/>
  <system-out/>
  <testcase classname="transactions.Tc_014_Itv_Rc_Transactions" name="ItvRc" time="20.612"/>
  <system-out/>
</testsuite> <!-- transactions.Tc_014_Itv_Rc_Transactions -->
