<?xml version="1.0" encoding="UTF-8"?>
<!-- Generated by org.testng.reporters.JUnitReportReporter -->
<testsuite hostname="DESKTOP-4L4F65Q" failures="0" tests="3" name="testCases.Tc_001_BomNc" time="28.674" errors="0" timestamp="2024-03-13T13:59:21 IST" skipped="1">
  <testcase classname="testCases.Tc_001_BomNc" name="login" time="3.688"/>
  <system-out/>
  <testcase classname="testCases.Tc_001_BomNc" name="Bom_Nc_Master" time="24.986"/>
  <system-out/>
  <testcase classname="testCases.Tc_001_BomNc" name="Delete">
    <skipped/>
  </testcase> <!-- Delete -->
  <system-out/>
</testsuite> <!-- testCases.Tc_001_BomNc -->
