<?xml version="1.0" encoding="UTF-8"?>
<!-- Generated by org.testng.reporters.JUnitReportReporter -->
<testsuite hostname="DESKTOP-4L4F65Q" failures="0" tests="2" name="transactions.Tc_002_ArbPurchase" time="53.325" errors="0" timestamp="2024-04-05T21:16:14 IST" skipped="0">
  <testcase classname="transactions.Tc_002_ArbPurchase" name="login" time="2.875"/>
  <system-out/>
  <testcase classname="transactions.Tc_002_ArbPurchase" name="ArbPurchse" time="50.450"/>
  <system-out/>
</testsuite> <!-- transactions.Tc_002_ArbPurchase -->
