<?xml version="1.0" encoding="UTF-8"?>
<!-- Generated by org.testng.reporters.JUnitReportReporter -->
<testsuite hostname="DESKTOP-4L4F65Q" failures="0" tests="2" name="transactions.Tc_001_Cylinder_Purchases" time="21.071" errors="0" timestamp="2024-03-06T14:51:33 IST" skipped="0">
  <testcase classname="transactions.Tc_001_Cylinder_Purchases" name="login" time="1.150"/>
  <system-out/>
  <testcase classname="transactions.Tc_001_Cylinder_Purchases" name="cyl_Purchase" time="19.921"/>
  <system-out/>
</testsuite> <!-- transactions.Tc_001_Cylinder_Purchases -->
