<?xml version="1.0" encoding="UTF-8"?>
<!-- Generated by org.testng.reporters.JUnitReportReporter -->
<testsuite hostname="DESKTOP-4L4F65Q" failures="0" tests="5" name="testCases.Tc_009_SetAlert" time="40.120" errors="0" timestamp="2024-03-28T18:03:12 IST" skipped="3">
  <testcase classname="testCases.Tc_009_SetAlert" name="login" time="9.154"/>
  <system-out/>
  <testcase classname="testCases.Tc_009_SetAlert" name="Multiple_SetAlert" time="30.966"/>
  <system-out/>
  <testcase classname="testCases.Tc_009_SetAlert" name="SetAlert">
    <skipped/>
  </testcase> <!-- SetAlert -->
  <system-out/>
  <testcase classname="testCases.Tc_009_SetAlert" name="SetAlertDelete">
    <skipped/>
  </testcase> <!-- SetAlertDelete -->
  <system-out/>
  <testcase classname="testCases.Tc_009_SetAlert" name="SetAlertDuplicate">
    <skipped/>
  </testcase> <!-- SetAlertDuplicate -->
  <system-out/>
</testsuite> <!-- testCases.Tc_009_SetAlert -->
