<?xml version="1.0" encoding="UTF-8"?>
<!-- Generated by org.testng.reporters.JUnitReportReporter -->
<testsuite hostname="DESKTOP-4L4F65Q" failures="0" tests="2" name="transactions.Tc_012_SalesReturn" time="26.244" errors="0" timestamp="2024-03-14T13:02:42 IST" skipped="0">
  <testcase classname="transactions.Tc_012_SalesReturn" name="login" time="7.544"/>
  <system-out/>
  <testcase classname="transactions.Tc_012_SalesReturn" name="SalesReturn" time="18.700"/>
  <system-out/>
</testsuite> <!-- transactions.Tc_012_SalesReturn -->
