<?xml version="1.0" encoding="UTF-8"?>
<!-- Generated by org.testng.reporters.JUnitReportReporter -->
<testsuite hostname="DESKTOP-4L4F65Q" failures="0" tests="4" name="transactions.Tc_003_OtherPurchases" time="25.082" errors="0" timestamp="2024-03-06T16:46:13 IST" skipped="2">
  <testcase classname="transactions.Tc_003_OtherPurchases" name="login" time="5.890"/>
  <system-out/>
  <testcase classname="transactions.Tc_003_OtherPurchases" name="expensesNo" time="19.192"/>
  <system-out/>
  <testcase classname="transactions.Tc_003_OtherPurchases" name="expensesYesItcNo">
    <skipped/>
  </testcase> <!-- expensesYesItcNo -->
  <system-out/>
  <testcase classname="transactions.Tc_003_OtherPurchases" name="expencesYesItcYes">
    <skipped/>
  </testcase> <!-- expencesYesItcYes -->
  <system-out/>
</testsuite> <!-- transactions.Tc_003_OtherPurchases -->
