<?xml version="1.0" encoding="UTF-8"?>
<!-- Generated by org.testng.reporters.JUnitReportReporter -->
<testsuite hostname="DESKTOP-4L4F65Q" failures="0" tests="4" name="testCases.Tc_009_SetAlert" time="17.687" errors="0" timestamp="2024-03-06T12:52:16 IST" skipped="2">
  <testcase classname="testCases.Tc_009_SetAlert" name="login" time="4.861"/>
  <system-out/>
  <testcase classname="testCases.Tc_009_SetAlert" name="SetAlertDuplicate" time="12.826"/>
  <system-out/>
  <testcase classname="testCases.Tc_009_SetAlert" name="SetAlertDelete">
    <skipped/>
  </testcase> <!-- SetAlertDelete -->
  <system-out/>
  <testcase classname="testCases.Tc_009_SetAlert" name="SetAlert">
    <skipped/>
  </testcase> <!-- SetAlert -->
  <system-out/>
</testsuite> <!-- testCases.Tc_009_SetAlert -->
