<?xml version="1.0" encoding="UTF-8"?>
<!-- Generated by org.testng.reporters.JUnitReportReporter -->
<testsuite hostname="DESKTOP-4L4F65Q" failures="0" tests="2" name="testCases.Tc_Equipment" time="23.149" errors="0" timestamp="2024-03-06T12:53:06 IST" skipped="0">
  <testcase classname="testCases.Tc_Equipment" name="login" time="4.092"/>
  <system-out/>
  <testcase classname="testCases.Tc_Equipment" name="testEquip" time="19.057"/>
  <system-out/>
</testsuite> <!-- testCases.Tc_Equipment -->
