<?xml version="1.0" encoding="UTF-8"?>
<!-- Generated by org.testng.reporters.JUnitReportReporter -->
<testsuite hostname="DESKTOP-4L4F65Q" failures="0" tests="2" name="testCases.Tc_004_SetCreditLimit" time="19.878" errors="0" timestamp="2024-03-05T17:20:33 IST" skipped="0">
  <testcase classname="testCases.Tc_004_SetCreditLimit" name="login" time="6.683"/>
  <system-out/>
  <testcase classname="testCases.Tc_004_SetCreditLimit" name="SetCreditLimit" time="13.195"/>
  <system-out/>
</testsuite> <!-- testCases.Tc_004_SetCreditLimit -->
