<?xml version="1.0" encoding="UTF-8"?>
<!-- Generated by org.testng.reporters.JUnitReportReporter -->
<testsuite hostname="DESKTOP-4L4F65Q" failures="0" tests="2" name="transactions.Tc_005_Vendor_PO" time="49.186" errors="0" timestamp="2024-04-05T18:47:25 IST" skipped="0">
  <testcase classname="transactions.Tc_005_Vendor_PO" name="login" time="1.993"/>
  <system-out/>
  <testcase classname="transactions.Tc_005_Vendor_PO" name="VendorPO" time="47.193"/>
  <system-out/>
</testsuite> <!-- transactions.Tc_005_Vendor_PO -->
