<?xml version="1.0" encoding="UTF-8"?>
<!-- Generated by org.testng.reporters.JUnitReportReporter -->
<testsuite hostname="DESKTOP-4L4F65Q" failures="0" tests="6" name="testCases.Tc_001_Product_Master" time="25.836" errors="0" timestamp="2024-03-11T15:17:33 IST" skipped="4">
  <testcase classname="testCases.Tc_001_Product_Master" name="login" time="3.531"/>
  <system-out/>
  <testcase classname="testCases.Tc_001_Product_Master" name="Bom_Nc_Master" time="22.305"/>
  <system-out/>
  <testcase classname="testCases.Tc_001_Product_Master" name="AreaCodeMaster">
    <skipped/>
  </testcase> <!-- AreaCodeMaster -->
  <system-out/>
  <testcase classname="testCases.Tc_001_Product_Master" name="ArbMaster">
    <skipped/>
  </testcase> <!-- ArbMaster -->
  <system-out/>
  <testcase classname="testCases.Tc_001_Product_Master" name="services_master">
    <skipped/>
  </testcase> <!-- services_master -->
  <system-out/>
  <testcase classname="testCases.Tc_001_Product_Master" name="Equipment">
    <skipped/>
  </testcase> <!-- Equipment -->
  <system-out/>
</testsuite> <!-- testCases.Tc_001_Product_Master -->
