<?xml version="1.0" encoding="UTF-8"?>
<!-- Generated by org.testng.reporters.JUnitReportReporter -->
<testsuite hostname="DESKTOP-4L4F65Q" failures="0" tests="4" name="transactions.Tc_003_OtherPurchases" time="61.432" errors="0" timestamp="2024-04-16T19:19:36 IST" skipped="2">
  <testcase classname="transactions.Tc_003_OtherPurchases" name="login" time="5.094"/>
  <system-out/>
  <testcase classname="transactions.Tc_003_OtherPurchases" name="expensesYesItcNo" time="56.338"/>
  <system-out/>
  <testcase classname="transactions.Tc_003_OtherPurchases" name="expencesYesItcYes">
    <skipped/>
  </testcase> <!-- expencesYesItcYes -->
  <system-out/>
  <testcase classname="transactions.Tc_003_OtherPurchases" name="expensesNo">
    <skipped/>
  </testcase> <!-- expensesNo -->
  <system-out/>
</testsuite> <!-- transactions.Tc_003_OtherPurchases -->
